<?xml version="1.0" encoding="UTF-8"?>
<testsuite name="com.parris.yotolite.nfc.TokenParserTest" tests="8" skipped="0" failures="0" errors="0" timestamp="2025-11-27T12:58:49" hostname="JPARRISDESKTOP" time="0.003">
  <properties/>
  <testcase name="testTokenParseFromUri_Invalid" classname="com.parris.yotolite.nfc.TokenParserTest" time="0.0"/>
  <testcase name="testTokenParseFromUri_Empty" classname="com.parris.yotolite.nfc.TokenParserTest" time="0.001"/>
  <testcase name="testValidTokenGeneration" classname="com.parris.yotolite.nfc.TokenParserTest" time="0.0"/>
  <testcase name="testUrlSafeBase64Encoding" classname="com.parris.yotolite.nfc.TokenParserTest" time="0.0"/>
  <testcase name="testTokenWithSpecialCharacters" classname="com.parris.yotolite.nfc.TokenParserTest" time="0.001"/>
  <testcase name="testTokenParseFromUri" classname="com.parris.yotolite.nfc.TokenParserTest" time="0.0"/>
  <testcase name="testNdefRecordPayload" classname="com.parris.yotolite.nfc.TokenParserTest" time="0.001"/>
  <testcase name="testNdefRecordCreation" classname="com.parris.yotolite.nfc.TokenParserTest" time="0.0"/>
  <system-out><![CDATA[]]></system-out>
  <system-err><![CDATA[]]></system-err>
</testsuite>
