<?xml version="1.0" encoding="UTF-8"?>
<testsuite name="com.parris.joshtap.data.AppRepositoryTest" tests="1" skipped="0" failures="0" errors="0" timestamp="2025-11-27T22:54:34" hostname="JPARRISDESKTOP" time="3.775">
  <properties/>
  <testcase name="addTrackToCard_insertsJoin" classname="com.parris.joshtap.data.AppRepositoryTest" time="3.775"/>
  <system-out><![CDATA[WARNING: No manifest file found at .\AndroidManifest.xml.
Falling back to the Android OS resources only.
To remove this warning, annotate your test class with @Config(manifest=Config.NONE).
]]></system-out>
  <system-err><![CDATA[No such manifest file: .\AndroidManifest.xml
]]></system-err>
</testsuite>
